nohup: ignoring input
2025-09-03 19:30:53,462 - INFO - 正在加载环境变量...
2025-09-03 19:30:53,463 - INFO - 正在初始化应用...
2025-09-03 19:30:53,785 - INFO - FFMPEG路径: /usr/bin/ffmpeg
2025-09-03 19:30:53,785 - INFO - FFPROBE路径: /usr/bin/ffprobe
2025-09-03 19:30:53,799 - INFO - 启动服务器: http://0.0.0.0:5000 [DEBUG: False]
 * Serving Flask app 'app' (lazy loading)
 * Environment: production
   WARNING: This is a development server. Do not use it in a production deployment.
   Use a production WSGI server instead.
 * Debug mode: off
2025-09-03 19:30:54,196 - INFO - Scheduler started
2025-09-03 19:30:55,996 - INFO - [ init ] launched
2025-09-03 19:30:59,367 - INFO - 测试缓存添加成功: test_audio.mp3:0
2025-09-03 19:31:40,650 - INFO - 请求服务器列表API: https://www.kookapp.cn/api/v3/guild/list
2025-09-03 19:31:41,353 - INFO - 服务器列表API响应状态: 200
2025-09-03 19:31:41,353 - INFO - 服务器列表API响应数据: {'code': 0, 'message': '操作成功', 'data': {'items': [{'id': '8398317224758583', 'name': '惡小夢', 'topic': '', 'master_id': '2370381700', 'user_id': '2370381700', 'is_master': False, 'icon': 'https://img.kookapp.cn/icons/2025-07/OJG0bOEJSI06g06g.png?x-oss-process=style/icon', 'notify_type': 2, 'region': 'beijing', 'enable_open': True, 'open_id': '96420929', 'default_channel_id': '6498611597520036', 'welcome_channel_id': '0'}, {'id': '1106546623412783', 'name': 'ce', 'topic': '', 'master_id': '2370381700', 'user_id': '2370381700', 'is_master': False, 'icon': '', 'notify_type': 2, 'region': 'chengdu', 'enable_open': True, 'open_id': '34406254', 'default_channel_id': '1511388170514414', 'welcome_channel_id': '0'}], 'meta': {'page': 1, 'page_total': 1, 'page_size': 100, 'total': 2}, 'sort': {}}}
2025-09-03 19:31:41,353 - INFO - 获取到 2 个服务器
2025-09-03 19:31:57,052 - INFO - 请求服务器列表API: https://www.kookapp.cn/api/v3/guild/list
2025-09-03 19:31:57,425 - INFO - 服务器列表API响应状态: 200
2025-09-03 19:31:57,426 - INFO - 服务器列表API响应数据: {'code': 0, 'message': '操作成功', 'data': {'items': [{'id': '8398317224758583', 'name': '惡小夢', 'topic': '', 'master_id': '2370381700', 'user_id': '2370381700', 'is_master': False, 'icon': 'https://img.kookapp.cn/icons/2025-07/OJG0bOEJSI06g06g.png?x-oss-process=style/icon', 'notify_type': 2, 'region': 'beijing', 'enable_open': True, 'open_id': '96420929', 'default_channel_id': '6498611597520036', 'welcome_channel_id': '0'}, {'id': '1106546623412783', 'name': 'ce', 'topic': '', 'master_id': '2370381700', 'user_id': '2370381700', 'is_master': False, 'icon': '', 'notify_type': 2, 'region': 'chengdu', 'enable_open': True, 'open_id': '34406254', 'default_channel_id': '1511388170514414', 'welcome_channel_id': '0'}], 'meta': {'page': 1, 'page_total': 1, 'page_size': 100, 'total': 2}, 'sort': {}}}
2025-09-03 19:31:57,426 - INFO - 获取到 2 个服务器
2025-09-03 19:32:04,989 - INFO - 添加音乐到播放列表，服务器: 8398317224758583，音乐: PLAYLIST_SONG:2692390754:第57次取消发送:菲菲公主（陆绮菲）
2025-09-03 19:32:04,989 - INFO - 开始处理，服务器: 8398317224758583
2025-09-03 19:32:04,989 - INFO - 添加音乐到播放列表，服务器: 8398317224758583，音乐: PLAYLIST_SONG:1335942780:九万字:黄诗扶
2025-09-03 19:32:04,990 - INFO - 添加音乐到播放列表，服务器: 8398317224758583，音乐: PLAYLIST_SONG:2110700883:冬眠:阿YueYue
2025-09-03 19:32:04,990 - INFO - 添加音乐到播放列表，服务器: 8398317224758583，音乐: PLAYLIST_SONG:27747329:坠落:蔡健雅
2025-09-03 19:32:04,990 - INFO - 添加音乐到播放列表，服务器: 8398317224758583，音乐: PLAYLIST_SONG:1406083061:你:郑润泽
2025-09-03 19:32:04,990 - INFO - 添加音乐到播放列表，服务器: 8398317224758583，音乐: PLAYLIST_SONG:2083785152:唯一:G.E.M.邓紫棋
2025-09-03 19:32:04,990 - INFO - 添加音乐到播放列表，服务器: 8398317224758583，音乐: PLAYLIST_SONG:1921341405:难生恨:藤柒吖
2025-09-03 19:32:04,990 - INFO - 添加音乐到播放列表，服务器: 8398317224758583，音乐: PLAYLIST_SONG:1486484277:长岛加冰:21.
2025-09-03 19:32:04,990 - INFO - 添加音乐到播放列表，服务器: 8398317224758583，音乐: PLAYLIST_SONG:2673175226:零距离的思念:TINY7
2025-09-03 19:32:04,990 - INFO - 添加音乐到播放列表，服务器: 8398317224758583，音乐: PLAYLIST_SONG:233888:爱情讯息:郭静
2025-09-03 19:32:04,990 - INFO - 添加音乐到播放列表，服务器: 8398317224758583，音乐: PLAYLIST_SONG:2163210456:两 难:加木
2025-09-03 19:32:04,990 - INFO - 添加音乐到播放列表，服务器: 8398317224758583，音乐: PLAYLIST_SONG:2055507089:小船:163braces
2025-09-03 19:32:04,990 - INFO - 添加音乐到播放列表，服务器: 8398317224758583，音乐: PLAYLIST_SONG:2641552552:彩色复活券:黄龄
2025-09-03 19:32:04,990 - INFO - 添加音乐到播放列表，服务器: 8398317224758583，音乐: PLAYLIST_SONG:2666314815:只为你着迷（完整女版）:小匆匆
2025-09-03 19:32:04,990 - INFO - 添加音乐到播放列表，服务器: 8398317224758583，音乐: PLAYLIST_SONG:1959667347:和宇宙的温柔关联:房东的猫
2025-09-03 19:32:04,990 - INFO - 添加音乐到播放列表，服务器: 8398317224758583，音乐: PLAYLIST_SONG:2660010022:上仙山:浅影阿
2025-09-03 19:32:04,990 - INFO - 添加音乐到播放列表，服务器: 8398317224758583，音乐: PLAYLIST_SONG:210042:说爱你:蔡依林
2025-09-03 19:32:04,990 - INFO - 添加音乐到播放列表，服务器: 8398317224758583，音乐: PLAYLIST_SONG:1862467472:1022:Aggylow
2025-09-03 19:32:04,990 - INFO - 添加音乐到播放列表，服务器: 8398317224758583，音乐: PLAYLIST_SONG:2655850235:拼图爱:蒋孜怡
2025-09-03 19:32:04,990 - INFO - 添加音乐到播放列表，服务器: 8398317224758583，音乐: PLAYLIST_SONG:2647831829:我爱你但是我要回家:ET
2025-09-03 19:32:04,990 - INFO - 添加音乐到播放列表，服务器: 8398317224758583，音乐: PLAYLIST_SONG:2629921305:爱错:en（王翊恩）
2025-09-03 19:32:04,990 - INFO - 添加音乐到播放列表，服务器: 8398317224758583，音乐: PLAYLIST_SONG:2089636257:我看过:WiFi歪歪
2025-09-03 19:32:04,990 - INFO - 添加音乐到播放列表，服务器: 8398317224758583，音乐: PLAYLIST_SONG:2074448544:黑夜里的阳光:杜宣达
2025-09-03 19:32:04,990 - INFO - 添加音乐到播放列表，服务器: 8398317224758583，音乐: PLAYLIST_SONG:1371046568:不喜欢下雨天:PIggy
2025-09-03 19:32:04,990 - INFO - 添加音乐到播放列表，服务器: 8398317224758583，音乐: PLAYLIST_SONG:2614799449:洛希没有极限:XMASwu(吴骜)
2025-09-03 19:32:04,990 - INFO - 添加音乐到播放列表，服务器: 8398317224758583，音乐: PLAYLIST_SONG:2163953992:是想你的声音啊2024:制造热搜
2025-09-03 19:32:04,990 - INFO - 添加音乐到播放列表，服务器: 8398317224758583，音乐: PLAYLIST_SONG:2616910865:暮色回响 吉星出租:ORCA特米
2025-09-03 19:32:04,990 - INFO - 添加音乐到播放列表，服务器: 8398317224758583，音乐: PLAYLIST_SONG:1398283847:我只能离开:颜人中
2025-09-03 19:32:04,990 - INFO - 添加音乐到播放列表，服务器: 8398317224758583，音乐: PLAYLIST_SONG:2062926519:不说 (女声版):落小安
2025-09-03 19:32:04,990 - INFO - 添加音乐到播放列表，服务器: 8398317224758583，音乐: PLAYLIST_SONG:1877996649:危险派对:王以太
2025-09-03 19:32:04,990 - INFO - 添加音乐到播放列表，服务器: 8398317224758583，音乐: PLAYLIST_SONG:1460682363:爱，存在:卢卢快闭嘴
2025-09-03 19:32:04,990 - INFO - 添加音乐到播放列表，服务器: 8398317224758583，音乐: PLAYLIST_SONG:2119517202:Moshi Moshi (feat. 百足):Nozomi Kitay
2025-09-03 19:32:04,990 - INFO - 添加音乐到播放列表，服务器: 8398317224758583，音乐: PLAYLIST_SONG:562598081:房间-新版:刘瑞琦
2025-09-03 19:32:04,990 - INFO - 添加音乐到播放列表，服务器: 8398317224758583，音乐: PLAYLIST_SONG:2019620319:山茶花读不懂白玫瑰:梨笑笑
2025-09-03 19:32:04,990 - INFO - 添加音乐到播放列表，服务器: 8398317224758583，音乐: PLAYLIST_SONG:1931994283:天若有情（女声版）:高杰杰杰杰
2025-09-03 19:32:04,991 - INFO - 添加音乐到播放列表，服务器: 8398317224758583，音乐: PLAYLIST_SONG:1966162185:是你:梦然
2025-09-03 19:32:04,991 - INFO - 添加音乐到播放列表，服务器: 8398317224758583，音乐: PLAYLIST_SONG:1463165983:天外来物:薛之谦
2025-09-03 19:32:04,991 - INFO - 添加音乐到播放列表，服务器: 8398317224758583，音乐: PLAYLIST_SONG:2124731026:5:20AM:刀酱
2025-09-03 19:32:04,991 - INFO - 添加音乐到播放列表，服务器: 8398317224758583，音乐: PLAYLIST_SONG:1387581250:MOM:蜡笔小心（灵柯）
2025-09-03 19:32:04,991 - INFO - 添加音乐到播放列表，服务器: 8398317224758583，音乐: PLAYLIST_SONG:1975753397:最好的我:刘大拿
2025-09-03 19:32:04,991 - INFO - 添加音乐到播放列表，服务器: 8398317224758583，音乐: PLAYLIST_SONG:233921:你在 不在:郭采洁
2025-09-03 19:32:04,991 - INFO - 添加音乐到播放列表，服务器: 8398317224758583，音乐: PLAYLIST_SONG:85571:我们俩:郭顶
2025-09-03 19:32:04,991 - INFO - 添加音乐到播放列表，服务器: 8398317224758583，音乐: PLAYLIST_SONG:2141631249:Everywhere we go:Bell玲惠
2025-09-03 19:32:04,991 - INFO - 添加音乐到播放列表，服务器: 8398317224758583，音乐: PLAYLIST_SONG:2075085618:我看过:阿彻
2025-09-03 19:32:04,991 - INFO - 添加音乐到播放列表，服务器: 8398317224758583，音乐: PLAYLIST_SONG:1359356908:晚安:颜人中
2025-09-03 19:32:04,991 - INFO - 添加音乐到播放列表，服务器: 8398317224758583，音乐: PLAYLIST_SONG:2119795491:若月亮没来 (若是月亮还没来):王宇宙Leto
2025-09-03 19:32:04,991 - INFO - 添加音乐到播放列表，服务器: 8398317224758583，音乐: PLAYLIST_SONG:2034187125:沉溺 (你让我的心不再结冰）:邹沛沛
2025-09-03 19:32:04,991 - INFO - 添加音乐到播放列表，服务器: 8398317224758583，音乐: PLAYLIST_SONG:2115519354:未必:言瑾羽
2025-09-03 19:32:04,991 - INFO - 添加音乐到播放列表，服务器: 8398317224758583，音乐: PLAYLIST_SONG:306664:身骑白马:徐佳莹
2025-09-03 19:32:04,991 - INFO - 添加音乐到播放列表，服务器: 8398317224758583，音乐: PLAYLIST_SONG:2110966810:慢冷:WiFi歪歪
2025-09-03 19:32:04,991 - INFO - 添加音乐到播放列表，服务器: 8398317224758583，音乐: PLAYLIST_SONG:1896729847:靠近（清甜女生版）:唐筱优
2025-09-03 19:32:04,991 - INFO - 添加音乐到播放列表，服务器: 8398317224758583，音乐: PLAYLIST_SONG:306665:一样的月光:徐佳莹
2025-09-03 19:32:04,991 - INFO - 添加音乐到播放列表，服务器: 8398317224758583，音乐: PLAYLIST_SONG:1982706733:无数:薛之谦
2025-09-03 19:32:04,991 - INFO - 添加音乐到播放列表，服务器: 8398317224758583，音乐: PLAYLIST_SONG:1907978608:深海回响:李尧音
2025-09-03 19:32:04,991 - INFO - 添加音乐到播放列表，服务器: 8398317224758583，音乐: PLAYLIST_SONG:2076461004:最好的安排:音音不会嘤
2025-09-03 19:32:04,991 - INFO - 添加音乐到播放列表，服务器: 8398317224758583，音乐: PLAYLIST_SONG:2075919867:太聪明·2024:yihuik苡慧
2025-09-03 19:32:04,991 - INFO - 添加音乐到播放列表，服务器: 8398317224758583，音乐: PLAYLIST_SONG:2078080232:我只能离开:Chill5
2025-09-03 19:32:04,991 - INFO - 添加音乐到播放列表，服务器: 8398317224758583，音乐: PLAYLIST_SONG:1885427474:都不懂:yihuik苡慧
2025-09-03 19:32:04,991 - INFO - 添加音乐到播放列表，服务器: 8398317224758583，音乐: PLAYLIST_SONG:255574:恶作剧:林依晨
2025-09-03 19:32:04,991 - INFO - 添加音乐到播放列表，服务器: 8398317224758583，音乐: PLAYLIST_SONG:1397345903:悬溺:葛东琪
2025-09-03 19:32:04,991 - INFO - 添加音乐到播放列表，服务器: 8398317224758583，音乐: PLAYLIST_SONG:2071935674:我想念:汪苏泷
2025-09-03 19:32:04,991 - INFO - 添加音乐到播放列表，服务器: 8398317224758583，音乐: PLAYLIST_SONG:1994216417:呆在我心里:杨淳
2025-09-03 19:32:04,991 - INFO - 添加音乐到播放列表，服务器: 8398317224758583，音乐: PLAYLIST_SONG:1942576027:One More Last Time:Henry Young
2025-09-03 19:32:04,991 - INFO - 添加音乐到播放列表，服务器: 8398317224758583，音乐: PLAYLIST_SONG:571340283:那是你离开了北京的生活:薛之谦
2025-09-03 19:32:04,991 - INFO - 添加音乐到播放列表，服务器: 8398317224758583，音乐: PLAYLIST_SONG:1996617490:离人赋:云汐
2025-09-03 19:32:04,991 - INFO - 添加音乐到播放列表，服务器: 8398317224758583，音乐: PLAYLIST_SONG:453413861:第三人称:桃德李Todd Li
2025-09-03 19:32:04,991 - INFO - 添加音乐到播放列表，服务器: 8398317224758583，音乐: PLAYLIST_SONG:1960601951:忽而今夏:旺仔小乔
2025-09-03 19:32:04,991 - INFO - 添加音乐到播放列表，服务器: 8398317224758583，音乐: PLAYLIST_SONG:27511488:你瞒我瞒:陈柏宇
2025-09-03 19:32:04,991 - INFO - 添加音乐到播放列表，服务器: 8398317224758583，音乐: PLAYLIST_SONG:2006448864:失语者:刘大拿
2025-09-03 19:32:04,992 - INFO - 添加音乐到播放列表，服务器: 8398317224758583，音乐: PLAYLIST_SONG:36024442:失语者:蔡健雅
2025-09-03 19:32:04,992 - INFO - 添加音乐到播放列表，服务器: 8398317224758583，音乐: PLAYLIST_SONG:442314991:凉城:任然
2025-09-03 19:32:04,992 - INFO - 添加音乐到播放列表，服务器: 8398317224758583，音乐: PLAYLIST_SONG:1895330088:予你:队长
2025-09-03 19:32:04,992 - INFO - 添加音乐到播放列表，服务器: 8398317224758583，音乐: PLAYLIST_SONG:1336856864:形容:沈以诚
2025-09-03 19:32:04,992 - INFO - 添加音乐到播放列表，服务器: 8398317224758583，音乐: PLAYLIST_SONG:1430303185:我知道:By2
2025-09-03 19:32:04,992 - INFO - 添加音乐到播放列表，服务器: 8398317224758583，音乐: PLAYLIST_SONG:1942734484:想自由:徐秉龙
2025-09-03 19:32:04,992 - INFO - 添加音乐到播放列表，服务器: 8398317224758583，音乐: PLAYLIST_SONG:2026224214:雪 Distance:Capper
2025-09-03 19:32:04,992 - INFO - 添加音乐到播放列表，服务器: 8398317224758583，音乐: PLAYLIST_SONG:285321:如果爱忘了:戚薇
2025-09-03 19:32:04,992 - INFO - 添加音乐到播放列表，服务器: 8398317224758583，音乐: PLAYLIST_SONG:25642952:我们的歌:王力宏
2025-09-03 19:32:04,992 - INFO - 添加音乐到播放列表，服务器: 8398317224758583，音乐: PLAYLIST_SONG:1992136908:最伟大的作品:周杰伦
2025-09-03 19:32:04,992 - INFO - 添加音乐到播放列表，服务器: 8398317224758583，音乐: PLAYLIST_SONG:2025533834:我们的歌:刘大拿
2025-09-03 19:32:04,992 - INFO - 添加音乐到播放列表，服务器: 8398317224758583，音乐: PLAYLIST_SONG:436346833:凄美地:郭顶
2025-09-03 19:32:04,992 - INFO - 添加音乐到播放列表，服务器: 8398317224758583，音乐: PLAYLIST_SONG:2025064421:忘了:周林枫
2025-09-03 19:32:04,992 - INFO - 添加音乐到播放列表，服务器: 8398317224758583，音乐: PLAYLIST_SONG:1434354649:情歌:史一
2025-09-03 19:32:04,992 - INFO - 添加音乐到播放列表，服务器: 8398317224758583，音乐: PLAYLIST_SONG:28563317:阴天快乐:陈奕迅
2025-09-03 19:32:04,992 - INFO - 添加音乐到播放列表，服务器: 8398317224758583，音乐: PLAYLIST_SONG:29357087:寂寞烟火:朱婧汐Akini Jing
2025-09-03 19:32:04,992 - INFO - 添加音乐到播放列表，服务器: 8398317224758583，音乐: PLAYLIST_SONG:247936:最后一页:江语晨
2025-09-03 19:32:04,992 - INFO - 添加音乐到播放列表，服务器: 8398317224758583，音乐: PLAYLIST_SONG:316108:匿名的好友:杨丞琳
2025-09-03 19:32:04,992 - INFO - 添加音乐到播放列表，服务器: 8398317224758583，音乐: PLAYLIST_SONG:27591236:命运:家家
2025-09-03 19:32:04,992 - INFO - 添加音乐到播放列表，服务器: 8398317224758583，音乐: PLAYLIST_SONG:1833634254:嫌晚:徐梓淳
2025-09-03 19:32:04,992 - INFO - 添加音乐到播放列表，服务器: 8398317224758583，音乐: PLAYLIST_SONG:1896102097:神魂颠倒:邓典
2025-09-03 19:32:04,992 - INFO - 添加音乐到播放列表，服务器: 8398317224758583，音乐: PLAYLIST_SONG:1885775730:小雨天气（完整女声版）:唐筱优
2025-09-03 19:32:04,992 - INFO - 添加音乐到播放列表，服务器: 8398317224758583，音乐: PLAYLIST_SONG:1405494766:少女:棉子
2025-09-03 19:32:04,992 - INFO - 添加音乐到播放列表，服务器: 8398317224758583，音乐: PLAYLIST_SONG:1473455616:少女:于梓贝
2025-09-03 19:32:04,992 - INFO - 添加音乐到播放列表，服务器: 8398317224758583，音乐: PLAYLIST_SONG:1878880812:爱情慢慢来:袁娅维TIA RAY
2025-09-03 19:32:04,992 - INFO - 添加音乐到播放列表，服务器: 8398317224758583，音乐: PLAYLIST_SONG:1846292840:爱情慢慢来:Stake
2025-09-03 19:32:04,992 - INFO - 添加音乐到播放列表，服务器: 8398317224758583，音乐: PLAYLIST_SONG:1491868594:曲奇陷阱（Cookie）:陈志林Mega
2025-09-03 19:32:04,992 - INFO - 添加音乐到播放列表，服务器: 8398317224758583，音乐: PLAYLIST_SONG:1461953037:只对你有感觉:余晚舟。
2025-09-03 19:32:04,992 - INFO - 添加音乐到播放列表，服务器: 8398317224758583，音乐: PLAYLIST_SONG:1456659704:red lips（被我蒙对）:沙一汀EL
2025-09-03 19:32:04,992 - INFO - 添加音乐到播放列表，服务器: 8398317224758583，音乐: PLAYLIST_SONG:1365393542:孤身:徐秉龙
2025-09-03 19:32:04,992 - INFO - 添加音乐到播放列表，服务器: 8398317224758583，音乐: PLAYLIST_SONG:1849998058:22秒:Aioz
2025-09-03 19:32:04,992 - INFO - 添加音乐到播放列表，服务器: 8398317224758583，音乐: PLAYLIST_SONG:1813864802:你的轮廓:叶琼琳
2025-09-03 19:32:04,992 - INFO - 添加音乐到播放列表，服务器: 8398317224758583，音乐: PLAYLIST_SONG:1426112587:下雨天:与少年他
2025-09-03 19:32:04,992 - INFO - 添加音乐到播放列表，服务器: 8398317224758583，音乐: PLAYLIST_SONG:1846489646:嘉宾:路飞文
2025-09-03 19:32:04,992 - INFO - 添加音乐到播放列表，服务器: 8398317224758583，音乐: PLAYLIST_SONG:1826189041:花,太阳,彩虹,你:Mai
2025-09-03 19:32:04,993 - INFO - 添加音乐到播放列表，服务器: 8398317224758583，音乐: PLAYLIST_SONG:1841002409:放空:大籽
2025-09-03 19:32:04,993 - INFO - 添加音乐到播放列表，服务器: 8398317224758583，音乐: PLAYLIST_SONG:1868943615:时光洪流:程响
2025-09-03 19:32:04,993 - INFO - 添加音乐到播放列表，服务器: 8398317224758583，音乐: PLAYLIST_SONG:1815085049:雾里:姚六一
2025-09-03 19:32:04,993 - INFO - 添加音乐到播放列表，服务器: 8398317224758583，音乐: PLAYLIST_SONG:1843319489:Power (In Your Soul):Interupt
2025-09-03 19:32:04,993 - INFO - 添加音乐到播放列表，服务器: 8398317224758583，音乐: PLAYLIST_SONG:1882710081:怎么说晚安:刘诺然
2025-09-03 19:32:04,993 - INFO - 添加音乐到播放列表，服务器: 8398317224758583，音乐: PLAYLIST_SONG:1486264538:心跳的证明:不是花火呀
2025-09-03 19:32:04,993 - INFO - 添加音乐到播放列表，服务器: 8398317224758583，音乐: PLAYLIST_SONG:1467444619:雨爱:不是花火呀
2025-09-03 19:32:04,993 - INFO - 添加音乐到播放列表，服务器: 8398317224758583，音乐: PLAYLIST_SONG:1492584510:沉沦与遐想:C.HØPE
2025-09-03 19:32:04,993 - INFO - 添加音乐到播放列表，服务器: 8398317224758583，音乐: PLAYLIST_SONG:1857630559:New Boy:房东的猫
2025-09-03 19:32:04,993 - INFO - 添加音乐到播放列表，服务器: 8398317224758583，音乐: PLAYLIST_SONG:1875941511:假面舞会:很美味
2025-09-03 19:32:04,993 - INFO - 添加音乐到播放列表，服务器: 8398317224758583，音乐: PLAYLIST_SONG:1859245776:STAY:The Kid LAROI
2025-09-03 19:32:04,993 - INFO - 添加音乐到播放列表，服务器: 8398317224758583，音乐: PLAYLIST_SONG:1867217766:致你:yihuik苡慧
2025-09-03 19:32:04,993 - INFO - 添加音乐到播放列表，服务器: 8398317224758583，音乐: PLAYLIST_SONG:488249475:哪里都是你:队长
2025-09-03 19:32:04,993 - INFO - 添加音乐到播放列表，服务器: 8398317224758583，音乐: PLAYLIST_SONG:1436709403:夏天的风:火羊瞌睡了
2025-09-03 19:32:04,993 - INFO - 添加音乐到播放列表，服务器: 8398317224758583，音乐: PLAYLIST_SONG:1805088448:大雾:张一乔
2025-09-03 19:32:04,993 - INFO - 添加音乐到播放列表，服务器: 8398317224758583，音乐: PLAYLIST_SONG:1809100933:我都明白:范倪Liu
2025-09-03 19:32:04,993 - INFO - 添加音乐到播放列表，服务器: 8398317224758583，音乐: PLAYLIST_SONG:1826179038:大风吹:王赫野
2025-09-03 19:32:04,993 - INFO - 添加音乐到播放列表，服务器: 8398317224758583，音乐: PLAYLIST_SONG:1824025894:慢热:满舒克
2025-09-03 19:32:04,993 - INFO - 添加音乐到播放列表，服务器: 8398317224758583，音乐: PLAYLIST_SONG:1827600686:还是会想你:林达浪
2025-09-03 19:32:04,993 - INFO - 添加音乐到播放列表，服务器: 8398317224758583，音乐: PLAYLIST_SONG:25718007:你瞒我瞒:陈柏宇
2025-09-03 19:32:04,993 - INFO - 添加音乐到播放列表，服务器: 8398317224758583，音乐: PLAYLIST_SONG:1442327038:第三种人 (Live):隔壁老樊
2025-09-03 19:32:04,993 - INFO - 添加音乐到播放列表，服务器: 8398317224758583，音乐: PLAYLIST_SONG:1459955249:甜夜:很美味
2025-09-03 19:32:04,993 - INFO - 添加音乐到播放列表，服务器: 8398317224758583，音乐: PLAYLIST_SONG:1472380371:想说:大柯
2025-09-03 19:32:04,993 - INFO - 添加音乐到播放列表，服务器: 8398317224758583，音乐: PLAYLIST_SONG:1429964668:有些:Xixi
2025-09-03 19:32:04,993 - INFO - 添加音乐到播放列表，服务器: 8398317224758583，音乐: PLAYLIST_SONG:1293886117:年少有为:李荣浩
2025-09-03 19:32:04,993 - INFO - 添加音乐到播放列表，服务器: 8398317224758583，音乐: PLAYLIST_SONG:436514312:成都:赵雷
2025-09-03 19:32:04,993 - INFO - 添加音乐到播放列表，服务器: 8398317224758583，音乐: PLAYLIST_SONG:1407551413:麻雀:李荣浩
2025-09-03 19:32:04,993 - INFO - 添加音乐到播放列表，服务器: 8398317224758583，音乐: PLAYLIST_SONG:471385043:暧昧:薛之谦
2025-09-03 19:32:04,993 - INFO - 添加音乐到播放列表，服务器: 8398317224758583，音乐: PLAYLIST_SONG:346576:光辉岁月:Beyond
2025-09-03 19:32:04,993 - INFO - 添加音乐到播放列表，服务器: 8398317224758583，音乐: PLAYLIST_SONG:1405283464:句号:G.E.M.邓紫棋
2025-09-03 19:32:04,993 - INFO - 添加音乐到播放列表，服务器: 8398317224758583，音乐: PLAYLIST_SONG:1391891631:嗜好:颜人中
2025-09-03 19:32:04,993 - INFO - 添加音乐到播放列表，服务器: 8398317224758583，音乐: PLAYLIST_SONG:387592:离歌:信乐团
2025-09-03 19:32:04,993 - INFO - 添加音乐到播放列表，服务器: 8398317224758583，音乐: PLAYLIST_SONG:362937:烟火:陈翔
2025-09-03 19:32:04,993 - INFO - 添加音乐到播放列表，服务器: 8398317224758583，音乐: PLAYLIST_SONG:1433338551:MOM:是二智呀
2025-09-03 19:32:04,993 - INFO - 添加音乐到播放列表，服务器: 8398317224758583，音乐: PLAYLIST_SONG:1347704301:麋鹿森林:一口甜
2025-09-03 19:32:04,993 - INFO - 添加音乐到播放列表，服务器: 8398317224758583，音乐: PLAYLIST_SONG:1321385420:东西:很美味
2025-09-03 19:32:04,993 - INFO - 添加音乐到播放列表，服务器: 8398317224758583，音乐: PLAYLIST_SONG:1341376890:哈尼:一口甜
2025-09-03 19:32:04,994 - INFO - 添加音乐到播放列表，服务器: 8398317224758583，音乐: PLAYLIST_SONG:1465046860:回到夏天（欢快版）:原来是萝卜丫
2025-09-03 19:32:04,994 - INFO - 添加音乐到播放列表，服务器: 8398317224758583，音乐: PLAYLIST_SONG:1336990251:怎么了:周兴哲
2025-09-03 19:32:04,994 - INFO - 添加音乐到播放列表，服务器: 8398317224758583，音乐: PLAYLIST_SONG:487206688:TheStar:音阙诗听
2025-09-03 19:32:04,994 - INFO - 添加音乐到播放列表，服务器: 8398317224758583，音乐: PLAYLIST_SONG:1440424730:坏女孩:肥振华
2025-09-03 19:32:04,994 - INFO - 添加音乐到播放列表，服务器: 8398317224758583，音乐: PLAYLIST_SONG:525240006:恋爱百分比:二嘉
2025-09-03 19:32:04,994 - INFO - 添加音乐到播放列表，服务器: 8398317224758583，音乐: PLAYLIST_SONG:1425626819:万有引力:F*yy
2025-09-03 19:32:04,994 - INFO - 添加音乐到播放列表，服务器: 8398317224758583，音乐: PLAYLIST_SONG:1365461660:娃娃臉(翻自:后弦):火烧边岸
2025-09-03 19:32:04,994 - INFO - 添加音乐到播放列表，服务器: 8398317224758583，音乐: PLAYLIST_SONG:1374287890:偶尔梦见你 (午夜番):徐真真
2025-09-03 19:32:04,994 - INFO - 添加音乐到播放列表，服务器: 8398317224758583，音乐: PLAYLIST_SONG:1815101473:D-D-DANCE:IZ*ONE
2025-09-03 19:32:04,994 - INFO - 添加音乐到播放列表，服务器: 8398317224758583，音乐: PLAYLIST_SONG:1334295185:写给黄淮:邵帅
2025-09-03 19:32:04,994 - INFO - 添加音乐到播放列表，服务器: 8398317224758583，音乐: PLAYLIST_SONG:1341188360:环游星空:Gifty
2025-09-03 19:32:04,994 - INFO - 添加音乐到播放列表，服务器: 8398317224758583，音乐: PLAYLIST_SONG:108390:说谎:林宥嘉
2025-09-03 19:32:04,994 - INFO - 添加音乐到播放列表，服务器: 8398317224758583，音乐: PLAYLIST_SONG:26305541:小酒窝:林俊杰
2025-09-03 19:32:04,994 - INFO - 添加音乐到播放列表，服务器: 8398317224758583，音乐: PLAYLIST_SONG:1365893755:百利甜:魏晗(懋懋)
2025-09-03 19:32:04,994 - INFO - 添加音乐到播放列表，服务器: 8398317224758583，音乐: PLAYLIST_SONG:1382592647:还我:尊贵会员乐队
2025-09-03 19:32:04,994 - INFO - 添加音乐到播放列表，服务器: 8398317224758583，音乐: PLAYLIST_SONG:1326798446:原来:林东
2025-09-03 19:32:04,994 - INFO - 添加音乐到播放列表，服务器: 8398317224758583，音乐: PLAYLIST_SONG:1372552573:圈住你:一口甜
2025-09-03 19:32:04,994 - INFO - 添加音乐到播放列表，服务器: 8398317224758583，音乐: PLAYLIST_SONG:1390520625:是心动啊:一口甜
2025-09-03 19:32:04,994 - INFO - 添加音乐到播放列表，服务器: 8398317224758583，音乐: PLAYLIST_SONG:1815389717:Celebrity:IU
2025-09-03 19:32:04,994 - INFO - 添加音乐到播放列表，服务器: 8398317224758583，音乐: PLAYLIST_SONG:1806096611:把你揉碎捏成苹果:薛之谦
2025-09-03 19:32:04,994 - INFO - 添加音乐到播放列表，服务器: 8398317224758583，音乐: PLAYLIST_SONG:1367280230:选择失忆咚鼓:季彦霖
2025-09-03 19:32:04,994 - INFO - 添加音乐到播放列表，服务器: 8398317224758583，音乐: PLAYLIST_SONG:1399524350:那个女孩 完整版（翻自 张泽熙）:戴羽彤
2025-09-03 19:32:04,994 - INFO - 添加音乐到播放列表，服务器: 8398317224758583，音乐: PLAYLIST_SONG:1381755293:山楂树之恋:程佳佳
2025-09-03 19:32:04,994 - INFO - 添加音乐到播放列表，服务器: 8398317224758583，音乐: PLAYLIST_SONG:1445556953:粉色星球:Youngior
2025-09-03 19:32:04,994 - INFO - 添加音乐到播放列表，服务器: 8398317224758583，音乐: PLAYLIST_SONG:1808531676:谪仙（DJ版）:96-Music
2025-09-03 19:32:04,994 - INFO - 添加音乐到播放列表，服务器: 8398317224758583，音乐: PLAYLIST_SONG:1489342321:沉醉的青丝 (想你 念你):曲甲
2025-09-03 19:32:04,994 - INFO - 添加音乐到播放列表，服务器: 8398317224758583，音乐: PLAYLIST_SONG:1456393572:枕边童话:小田音乐社
2025-09-03 19:32:04,994 - INFO - 添加音乐到播放列表，服务器: 8398317224758583，音乐: PLAYLIST_SONG:1500569811:阿拉斯加海湾:蓝心羽
2025-09-03 19:32:04,994 - INFO - 添加音乐到播放列表，服务器: 8398317224758583，音乐: PLAYLIST_SONG:1497588709:给你呀（又名：for ya）:蒋小呢
2025-09-03 19:32:04,994 - INFO - 添加音乐到播放列表，服务器: 8398317224758583，音乐: PLAYLIST_SONG:1815105886:狐狸的童话:Santa_SA
2025-09-03 19:32:04,994 - INFO - 添加音乐到播放列表，服务器: 8398317224758583，音乐: PLAYLIST_SONG:1498342485:耗尽:薛之谦
2025-09-03 19:32:04,994 - INFO - 添加音乐到播放列表，服务器: 8398317224758583，音乐: PLAYLIST_SONG:1446251500:에잇(Prod.&Feat. SUGA of BTS):IU
2025-09-03 19:32:04,994 - INFO - 添加音乐到播放列表，服务器: 8398317224758583，音乐: PLAYLIST_SONG:34497630:最后一首情歌:苏琛
2025-09-03 19:32:04,994 - INFO - 添加音乐到播放列表，服务器: 8398317224758583，音乐: PLAYLIST_SONG:1474624352:苦笑:野小马
2025-09-03 19:32:04,994 - INFO - 添加音乐到播放列表，服务器: 8398317224758583，音乐: PLAYLIST_SONG:29848657:手心的蔷薇:林俊杰
2025-09-03 19:32:04,995 - INFO - 添加音乐到播放列表，服务器: 8398317224758583，音乐: PLAYLIST_SONG:1374489910:一个:陈壹千
2025-09-03 19:32:04,995 - INFO - 添加音乐到播放列表，服务器: 8398317224758583，音乐: PLAYLIST_SONG:1809976865:我在等:林宝馨
2025-09-03 19:32:04,995 - INFO - 添加音乐到播放列表，服务器: 8398317224758583，音乐: PLAYLIST_SONG:1371780785:暖一杯茶:邵帅
2025-09-03 19:32:04,995 - INFO - 添加音乐到播放列表，服务器: 8398317224758583，音乐: PLAYLIST_SONG:1382423403:有幸:赵砚卿
2025-09-03 19:32:04,995 - INFO - 添加音乐到播放列表，服务器: 8398317224758583，音乐: PLAYLIST_SONG:25788001:其实都没有:杨宗纬
2025-09-03 19:32:04,995 - INFO - 添加音乐到播放列表，服务器: 8398317224758583，音乐: PLAYLIST_SONG:541511427:不在:韩安旭
2025-09-03 19:32:04,995 - INFO - 添加音乐到播放列表，服务器: 8398317224758583，音乐: PLAYLIST_SONG:1812225658:万拒（吉他版）:就是南方凯
2025-09-03 19:32:04,995 - INFO - 添加音乐到播放列表，服务器: 8398317224758583，音乐: PLAYLIST_SONG:1449416890:所以你睡了没:沙一汀EL
2025-09-03 19:32:04,995 - INFO - 添加音乐到播放列表，服务器: 8398317224758583，音乐: PLAYLIST_SONG:1368754688:爱人错过:告五人
2025-09-03 19:32:04,995 - INFO - 添加音乐到播放列表，服务器: 8398317224758583，音乐: PLAYLIST_SONG:1806926997:睡在风里:彭席彦
2025-09-03 19:32:04,995 - INFO - 添加音乐到播放列表，服务器: 8398317224758583，音乐: PLAYLIST_SONG:1379456709:把孤独当做晚餐:井胧
2025-09-03 19:32:04,995 - INFO - 添加音乐到播放列表，服务器: 8398317224758583，音乐: PLAYLIST_SONG:1441758494:晚风:7opy
2025-09-03 19:32:04,995 - INFO - 添加音乐到播放列表，服务器: 8398317224758583，音乐: PLAYLIST_SONG:32192436:绅士:薛之谦
2025-09-03 19:32:04,995 - INFO - 添加音乐到播放列表，服务器: 8398317224758583，音乐: PLAYLIST_SONG:27890306:意外:薛之谦
2025-09-03 19:32:04,995 - INFO - 添加音乐到播放列表，服务器: 8398317224758583，音乐: PLAYLIST_SONG:1330348068:起风了:买辣椒也用券
2025-09-03 19:32:04,995 - INFO - 添加音乐到播放列表，服务器: 8398317224758583，音乐: PLAYLIST_SONG:1807537867:四季予你:程响
2025-09-03 19:32:04,995 - INFO - 添加音乐到播放列表，服务器: 8398317224758583，音乐: PLAYLIST_SONG:1804320463:踏山河:七叔-叶泽浩
2025-09-03 19:32:04,995 - INFO - 添加音乐到播放列表，服务器: 8398317224758583，音乐: PLAYLIST_SONG:1808492017:错位时空:艾辰
2025-09-03 19:32:04,995 - INFO - 添加音乐到播放列表，服务器: 8398317224758583，音乐: PLAYLIST_SONG:1811921555:星辰大海:黄霄雲
2025-09-03 19:32:04,995 - INFO - 添加音乐到播放列表，服务器: 8398317224758583，音乐: PLAYLIST_SONG:32507038:演员:薛之谦
2025-09-03 19:32:04,995 - INFO - 添加音乐到播放列表，服务器: 8398317224758583，音乐: PLAYLIST_SONG:316686:处处吻:杨千嬅
2025-09-03 19:32:04,995 - INFO - 添加音乐到播放列表，服务器: 8398317224758583，音乐: PLAYLIST_SONG:1808053189:迟迟:薛之谦
2025-09-03 19:32:04,995 - INFO - 添加音乐到播放列表，服务器: 8398317224758583，音乐: PLAYLIST_SONG:407450223:爸爸妈妈:李荣浩
2025-09-03 19:32:04,995 - INFO - 添加音乐到播放列表，服务器: 8398317224758583，音乐: PLAYLIST_SONG:1400256289:你的答案:阿冗
2025-09-03 19:32:04,995 - INFO - 添加音乐到播放列表，服务器: 8398317224758583，音乐: PLAYLIST_SONG:1442508316:丢了你:井胧
2025-09-03 19:32:04,995 - INFO - 添加音乐到播放列表，服务器: 8398317224758583，音乐: PLAYLIST_SONG:1481657185:是想你的声音啊:傲七爷（江偌绮）
2025-09-03 19:32:04,995 - INFO - 添加音乐到播放列表，服务器: 8398317224758583，音乐: PLAYLIST_SONG:1484942675:不删:井胧
2025-09-03 19:32:04,995 - INFO - 添加音乐到播放列表，服务器: 8398317224758583，音乐: PLAYLIST_SONG:1454125389:7%:张星特
2025-09-03 19:32:04,995 - INFO - 添加音乐到播放列表，服务器: 8398317224758583，音乐: PLAYLIST_SONG:407677607:我想:董昱昆
2025-09-03 19:32:07,149 - INFO - RTP配置: {'ip': '119.91.31.213', 'port': 58276, 'rtcp_port': 35285, 'audio_ssrc': 1111, 'audio_pt': 111, 'bitrate': 64000, 'rtcp_mux': False}
2025-09-03 19:32:07,149 - INFO - 运行 ffmpeg 命令: /usr/bin/ffmpeg -re -loglevel level+info -nostats -f wav -i - -map 0:a:0 -acodec libopus -ab 64k -ac 2 -ar 48000 -filter:a volume=1.0 -f tee [select=a:f=rtp:ssrc=1111:payload_type=111]rtp://119.91.31.213:58276?rtcpport=35285
2025-09-03 19:32:07,651 - INFO - 🎵 实时获取歌单歌曲URL: 第57次取消发送 - 菲菲公主（陆绮菲）
2025-09-03 19:32:08,324 - INFO - ✅ 实时获取到URL: 第57次取消发送 - 菲菲公主（陆绮菲）
2025-09-03 19:32:08,324 - INFO - 检查网络连接状态: http://m804.music.126.net/20250903195708/4d654273a...
2025-09-03 19:32:08,928 - INFO - 获取音频时长: http://m804.music.126.net/20250903195708/4d654273aa7ba95051346374c0e4f3a3/jdymusic/obj/wo3DlMOGwrbDjj7DisKw/59240420818/241a/54be/0a5b/995719ecf39695e76b33b2d8713e3ef3.flac?vuutv=RpIqDlFX/kNE/5DwuZmX6g0S2EJRtjGZCNtt5bS/aF8fY8voewg0L3oZ4kZUlBxv9wY0uE02DZZMVbgKCXyb5Wb7rb8vUAyuHLa46Ea+aWM=&authSecret=000001990f5933b90cba0a3b19621030
2025-09-03 19:32:08,928 - INFO - 执行时长获取命令: "/usr/bin/ffprobe" -v quiet -show_entries format=duration -of csv=p=0 "http://m804.music.126.net/20250903195708/4d654273aa7ba95051346374c0e4f3a3/jdymusic/obj/wo3DlMOGwrbDjj7DisKw/59240420818/241a/54be/0a5b/995719ecf39695e76b33b2d8713e3ef3.flac?vuutv=RpIqDlFX/kNE/5DwuZmX6g0S2EJRtjGZCNtt5bS/aF8fY8voewg0L3oZ4kZUlBxv9wY0uE02DZZMVbgKCXyb5Wb7rb8vUAyuHLa46Ea+aWM=&authSecret=000001990f5933b90cba0a3b19621030"
2025-09-03 19:32:09,149 - INFO - 音频时长: 176.50 秒
2025-09-03 19:32:09,149 - INFO - 正在播放文件: http://m804.music.126.net/20250903195708/4d654273aa7ba95051346374c0e4f3a3/jdymusic/obj/wo3DlMOGwrbDjj7DisKw/59240420818/241a/54be/0a5b/995719ecf39695e76b33b2d8713e3ef3.flac?vuutv=RpIqDlFX/kNE/5DwuZmX6g0S2EJRtjGZCNtt5bS/aF8fY8voewg0L3oZ4kZUlBxv9wY0uE02DZZMVbgKCXyb5Wb7rb8vUAyuHLa46Ea+aWM=&authSecret=000001990f5933b90cba0a3b19621030
2025-09-03 19:32:09,149 - INFO - FFMPEG命令: /usr/bin/ffmpeg -nostats -reconnect 1 -reconnect_streamed 1 -reconnect_delay_max 2 -timeout 30000000 -ss 0 -i "http://m804.music.126.net/20250903195708/4d654273aa7ba95051346374c0e4f3a3/jdymusic/obj/wo3DlMOGwrbDjj7DisKw/59240420818/241a/54be/0a5b/995719ecf39695e76b33b2d8713e3ef3.flac?vuutv=RpIqDlFX/kNE/5DwuZmX6g0S2EJRtjGZCNtt5bS/aF8fY8voewg0L3oZ4kZUlBxv9wY0uE02DZZMVbgKCXyb5Wb7rb8vUAyuHLa46Ea+aWM=&authSecret=000001990f5933b90cba0a3b19621030"  -filter:a volume=0.4 -acodec pcm_s16le -ac 2 -ar 48000 -f wav -y -
2025-09-03 19:32:09,251 - INFO - 开始播放音频，预期时长: 176.50 秒
2025-09-03 19:32:09,251 - INFO - 开始播放: http://m804.music.126.net/20250903195708/4d654273aa7ba95051346374c0e4f3a3/jdymusic/obj/wo3DlMOGwrbDjj7DisKw/59240420818/241a/54be/0a5b/995719ecf39695e76b33b2d8713e3ef3.flac?vuutv=RpIqDlFX/kNE/5DwuZmX6g0S2EJRtjGZCNtt5bS/aF8fY8voewg0L3oZ4kZUlBxv9wY0uE02DZZMVbgKCXyb5Wb7rb8vUAyuHLa46Ea+aWM=&authSecret=000001990f5933b90cba0a3b19621030，服务器: 8398317224758583
2025-09-03 19:32:50,476 - INFO - 发送保活请求，频道: 3846068906150173
2025-09-03 19:33:36,049 - INFO - 发送保活请求，频道: 3846068906150173
